03-24 09:57:11.773: I/StylusLabeler(12199): toStaticString() THE STYLUS:  serial: 0 id: 0 type: TOOL_TYPE_STYLUS isReadyToRemove:false Size: 0.05686275. Age: 0 event time: 3443928 lagTime: 0 isPhantomStylus: false, has jumped: false ( 207.0, 228.0 )0.0

03-24 09:57:12.113: I/WacomLibrary(12199): 3444251
03-24 09:57:12.113: I/WacomLibrary(12199): 3444251
03-24 09:57:12.113: E/WacomLibrary(12199): two events with same timestamp received, dropping second event
03-24 09:57:12.113: I/WacomLibrary(12199): MotionEvent { action=ACTION_MOVE, id[0]=0, x[0]=161.0, y[0]=287.0, toolType[0]=TOOL_TYPE_FINGER, buttonState=0, metaState=0, flags=0x0, edgeFlags=0x0, pointerCount=1, historySize=1, eventTime=3444251, downTime=3443928, deviceId=2, source=0x1002 }
03-24 09:57:12.113: I/WacomLibrary(12199): MotionEvent { action=ACTION_POINTER_DOWN(1), id[0]=0, x[0]=161.0, y[0]=287.0, toolType[0]=TOOL_TYPE_FINGER, id[1]=1, x[1]=498.0, y[1]=627.0, toolType[1]=TOOL_TYPE_FINGER, buttonState=0, metaState=0, flags=0x0, edgeFlags=0x0, pointerCount=2, historySize=0, eventTime=3444251, downTime=3443928, deviceId=2, source=0x1002 }
03-24 09:57:12.113: I/WacomLibrary(12199): MotionEvent { action=ACTION_POINTER_DOWN(1), id[0]=0, x[0]=161.0, y[0]=287.0, toolType[0]=TOOL_TYPE_FINGER, id[1]=1, x[1]=498.0, y[1]=627.0, toolType[1]=TOOL_TYPE_FINGER, buttonState=0, metaState=0, flags=0x0, edgeFlags=0x0, pointerCount=2, historySize=0, eventTime=3444251, downTime=3443928, deviceId=2, source=0x1002 }
03-24 09:57:12.113: I/StylusLabeler(12199): down when stylus already exists
03-24 09:57:12.113: I/StylusLabeler(12199): -old algo rejected serial: 1 id: 1 type: TOOL_TYPE_FINGER isReadyToRemove:false Size: 0.10980393. Age: 0 event time: 3444251 lagTime: 0 isPhantomStylus: false, has jumped: false ( 498.0, 627.0 )0.0
03-24 09:57:12.113: I/AndroidRuntime(12199): VM exiting with result code 0, cleanup skipped.

[    3444.239385] EV_SYN       SYN_REPORT           00000000            
[    3444.251109] EV_ABS       ABS_MT_POSITION_X    000000a1            
[    3444.251117] EV_ABS       ABS_MT_POSITION_Y    0000011f            
[    3444.251122] EV_ABS       ABS_MT_TOUCH_MINOR   0000000a            
[    3444.251128] EV_ABS       ABS_MT_SLOT          00000001            
[    3444.251130] EV_ABS       ABS_MT_TRACKING_ID   0000007f            
[    3444.251135] EV_ABS       003f                 0000000c            
[    3444.251174] EV_ABS       ABS_MT_POSITION_X    000001f2            
[    3444.251203] EV_ABS       ABS_MT_POSITION_Y    00000273            
[    3444.251207] EV_ABS       ABS_MT_TOUCH_MAJOR   0000001e            
[    3444.251210] EV_ABS       ABS_MT_TOUCH_MINOR   0000001a            
[    3444.251238] EV_SYN       SYN_REPORT           00000000            
[    3444.262509] EV_ABS       ABS_MT_SLOT          0000000
--------------------
[    3443.928653] EV_ABS       ABS_MT_TRACKING_ID   0000007e            
[    3443.928664] EV_ABS       003f                 00000014            
[    3443.928674] EV_KEY       BTN_TOUCH            DOWN                
[    3443.928680] EV_ABS       ABS_MT_POSITION_X    000000cf            
[    3443.928685] EV_ABS       ABS_MT_POSITION_Y    000000e4            
[    3443.928690] EV_ABS       ABS_MT_TOUCH_MAJOR   00000011            
[    3443.928696] EV_ABS       ABS_MT_TOUCH_MINOR   0000000c            
[    3443.928754] EV_SYN       SYN_REPORT           00000000            
[    3443.940002] EV_ABS       003f                 00000002            
[    3443.940071] EV_ABS       ABS_MT_POSITION_X    000000ce            
[    3443.940078] EV_ABS       ABS_MT_TOUCH_MAJOR   00000017            
[    3443.940082] EV_ABS       ABS_MT_TOUCH_MINOR   00000009            
[    3443.940087] EV_SYN       SYN_REPORT           00000000            
[    3443.951019] EV_ABS       003f                 0000000c            
[    3443.951031] EV_ABS       ABS_MT_POSITION_X    000000cd            
[    3443.951041] EV_SYN       SYN_REPORT           00000000            
[    3443.962154] EV_ABS       ABS_MT_POSITION_X    000000cc            
[    3443.962168] EV_SYN       SYN_REPORT           00000000            
[    3443.975014] EV_ABS       003f                 0000000e            
[    3443.975027] EV_ABS       ABS_MT_POSITION_X    000000cb            
[    3443.975032] EV_ABS       ABS_MT_POSITION_Y    000000e5            
[    3443.975040] EV_SYN       SYN_REPORT           00000000            
[    3443.984294] EV_ABS       ABS_MT_POSITION_X    000000ca            
[    3443.984302] EV_ABS       ABS_MT_POSITION_Y    000000e6            
[    3443.984308] EV_ABS       ABS_MT_TOUCH_MINOR   0000000b            
[    3443.984315] EV_SYN       SYN_REPORT           00000000            
[    3443.995379] EV_ABS       003f                 00000010            
[    3443.995392] EV_ABS       ABS_MT_POSITION_X    000000c8            
[    3443.995396] EV_ABS       ABS_MT_POSITION_Y    000000e7            
[    3443.995400] EV_ABS       ABS_MT_TOUCH_MAJOR   00000018            
[    3443.995404] EV_ABS       ABS_MT_TOUCH_MINOR   00000011            
[    3443.995409] EV_SYN       SYN_REPORT           00000000            
[    3444.006434] EV_ABS       003f                 00000014            
[    3444.006446] EV_ABS       ABS_MT_POSITION_X    000000c2            
[    3444.006450] EV_ABS       ABS_MT_POSITION_Y    000000eb            
[    3444.006454] EV_ABS       ABS_MT_TOUCH_MAJOR   00000019            
[    3444.006458] EV_ABS       ABS_MT_TOUCH_MINOR   0000000b            
[    3444.006462] EV_SYN       SYN_REPORT           00000000            
[    3444.017735] EV_ABS       003f                 00000010            
[    3444.017748] EV_ABS       ABS_MT_POSITION_X    000000bb            
[    3444.017751] EV_ABS       ABS_MT_POSITION_Y    000000f0            
[    3444.017757] EV_ABS       ABS_MT_TOUCH_MINOR   00000009            
[    3444.017762] EV_SYN       SYN_REPORT           00000000            
[    3444.028624] EV_ABS       003f                 0000000c            
[    3444.028635] EV_ABS       ABS_MT_POSITION_X    000000b3            
[    3444.028638] EV_ABS       ABS_MT_POSITION_Y    000000f5            
[    3444.028642] EV_ABS       ABS_MT_TOUCH_MAJOR   00000018            
[    3444.028645] EV_ABS       ABS_MT_TOUCH_MINOR   0000000d            
[    3444.028649] EV_SYN       SYN_REPORT           00000000            
[    3444.039710] EV_ABS       003f                 00000014            
[    3444.039722] EV_ABS       ABS_MT_POSITION_X    000000a6            
[    3444.039726] EV_ABS       ABS_MT_POSITION_Y    000000fd            
[    3444.039729] EV_ABS       ABS_MT_TOUCH_MAJOR   00000017            
[    3444.039733] EV_ABS       ABS_MT_TOUCH_MINOR   0000000a            
[    3444.039737] EV_SYN       SYN_REPORT           00000000            
[    3444.050749] EV_ABS       003f                 00000012            
[    3444.050762] EV_ABS       ABS_MT_POSITION_X    0000009c            
[    3444.050766] EV_ABS       ABS_MT_POSITION_Y    00000104            
[    3444.050769] EV_ABS       ABS_MT_TOUCH_MAJOR   00000016            
[    3444.050773] EV_ABS       ABS_MT_TOUCH_MINOR   00000009            
[    3444.050777] EV_SYN       SYN_REPORT           00000000            
[    3444.061875] EV_ABS       003f                 0000000c            
[    3444.061886] EV_ABS       ABS_MT_POSITION_X    00000092            
[    3444.061892] EV_ABS       ABS_MT_POSITION_Y    0000010d            
[    3444.061896] EV_ABS       ABS_MT_TOUCH_MAJOR   00000019            
[    3444.061899] EV_ABS       ABS_MT_TOUCH_MINOR   0000000f            
[    3444.061903] EV_SYN       SYN_REPORT           00000000            
[    3444.072895] EV_ABS       003f                 00000012            
[    3444.072909] EV_ABS       ABS_MT_POSITION_X    00000086            
[    3444.072912] EV_ABS       ABS_MT_POSITION_Y    00000118            
[    3444.072916] EV_ABS       ABS_MT_TOUCH_MAJOR   00000017            
[    3444.072920] EV_ABS       ABS_MT_TOUCH_MINOR   0000000c            
[    3444.072925] EV_SYN       SYN_REPORT           00000000            
[    3444.083984] EV_ABS       003f                 00000010            
[    3444.083997] EV_ABS       ABS_MT_POSITION_X    0000007c            
[    3444.084000] EV_ABS       ABS_MT_POSITION_Y    00000124            
[    3444.084004] EV_ABS       ABS_MT_TOUCH_MAJOR   00000018            
[    3444.084007] EV_ABS       ABS_MT_TOUCH_MINOR   00000009            
[    3444.084012] EV_SYN       SYN_REPORT           00000000            
[    3444.095011] EV_ABS       003f                 0000000c            
[    3444.095026] EV_ABS       ABS_MT_POSITION_X    00000075            
[    3444.095030] EV_ABS       ABS_MT_POSITION_Y    0000012e            
[    3444.095034] EV_ABS       ABS_MT_TOUCH_MAJOR   00000019            
[    3444.095040] EV_SYN       SYN_REPORT           00000000            
[    3444.106198] EV_ABS       ABS_MT_POSITION_X    00000071            
[    3444.106206] EV_ABS       ABS_MT_POSITION_Y    00000136            
[    3444.106209] EV_ABS       ABS_MT_TOUCH_MAJOR   00000018            
[    3444.106215] EV_SYN       SYN_REPORT           00000000            
[    3444.117201] EV_ABS       ABS_MT_POSITION_X    0000006e            
[    3444.117208] EV_ABS       ABS_MT_POSITION_Y    0000013c            
[    3444.117212] EV_ABS       ABS_MT_TOUCH_MAJOR   00000016            
[    3444.117218] EV_SYN       SYN_REPORT           00000000            
[    3444.128302] EV_ABS       ABS_MT_POSITION_X    0000006c            
[    3444.128309] EV_ABS       ABS_MT_POSITION_Y    00000141            
[    3444.128316] EV_SYN       SYN_REPORT           00000000            
[    3444.139360] EV_ABS       ABS_MT_POSITION_Y    00000145            
[    3444.139367] EV_ABS       ABS_MT_TOUCH_MAJOR   00000017            
[    3444.139373] EV_SYN       SYN_REPORT           00000000            
[    3444.150574] EV_ABS       ABS_MT_POSITION_X    0000006d            
[    3444.150581] EV_ABS       ABS_MT_POSITION_Y    00000147            
[    3444.150585] EV_ABS       ABS_MT_TOUCH_MAJOR   00000018            
[    3444.150589] EV_ABS       ABS_MT_TOUCH_MINOR   0000000c            
[    3444.150593] EV_SYN       SYN_REPORT           00000000            
[    3444.161663] EV_ABS       003f                 00000010            
[    3444.161676] EV_ABS       ABS_MT_POSITION_X    00000070            
[    3444.161680] EV_ABS       ABS_MT_POSITION_Y    00000148            
[    3444.161683] EV_ABS       ABS_MT_TOUCH_MAJOR   00000017            
[    3444.161686] EV_ABS       ABS_MT_TOUCH_MINOR   00000010            
[    3444.161691] EV_SYN       SYN_REPORT           00000000            
[    3444.172625] EV_ABS       003f                 00000012            
[    3444.172640] EV_ABS       ABS_MT_POSITION_X    00000075            
[    3444.172645] EV_ABS       ABS_MT_TOUCH_MAJOR   00000018            
[    3444.172649] EV_ABS       ABS_MT_TOUCH_MINOR   0000000a            
[    3444.172653] EV_SYN       SYN_REPORT           00000000            
[    3444.183672] EV_ABS       003f                 00000010            
[    3444.183683] EV_ABS       ABS_MT_POSITION_X    0000007b            
[    3444.183687] EV_ABS       ABS_MT_POSITION_Y    00000145            
[    3444.183693] EV_ABS       ABS_MT_TOUCH_MINOR   00000009            
[    3444.183704] EV_SYN       SYN_REPORT           00000000            
[    3444.194728] EV_ABS       003f                 0000000e            
[    3444.194740] EV_ABS       ABS_MT_POSITION_X    00000084            
[    3444.194744] EV_ABS       ABS_MT_POSITION_Y    0000013e            
[    3444.194748] EV_ABS       ABS_MT_TOUCH_MAJOR   00000017            
[    3444.194751] EV_ABS       ABS_MT_TOUCH_MINOR   00000012            
[    3444.194756] EV_SYN       SYN_REPORT           00000000            
[    3444.205915] EV_ABS       003f                 00000012            
[    3444.205929] EV_ABS       ABS_MT_POSITION_X    0000008e            
[    3444.205933] EV_ABS       ABS_MT_POSITION_Y    00000136            
[    3444.205937] EV_ABS       ABS_MT_TOUCH_MAJOR   00000018            
[    3444.205940] EV_ABS       ABS_MT_TOUCH_MINOR   0000000b            
[    3444.205946] EV_SYN       SYN_REPORT           00000000            
[    3444.216917] EV_ABS       ABS_MT_POSITION_X    00000096            
[    3444.216925] EV_ABS       ABS_MT_POSITION_Y    0000012f            
[    3444.216930] EV_ABS       ABS_MT_TOUCH_MINOR   00000009            
[    3444.216935] EV_SYN       SYN_REPORT           00000000            
[    3444.227955] EV_ABS       003f                 0000000e            
[    3444.227967] EV_ABS       ABS_MT_POSITION_X    0000009b            
[    3444.227971] EV_ABS       ABS_MT_POSITION_Y    00000129            
[    3444.227974] EV_ABS       ABS_MT_TOUCH_MAJOR   00000016            
[    3444.227980] EV_SYN       SYN_REPORT           00000000            
[    3444.239359] EV_ABS       003f                 0000000c            
[    3444.239372] EV_ABS       ABS_MT_POSITION_X    0000009f            
[    3444.239376] EV_ABS       ABS_MT_POSITION_Y    00000123            
[    3444.239379] EV_ABS       ABS_MT_TOUCH_MAJOR   00000015            
[    3444.239385] EV_SYN       SYN_REPORT           00000000            
[    3444.251109] EV_ABS       ABS_MT_POSITION_X    000000a1            
[    3444.251117] EV_ABS       ABS_MT_POSITION_Y    0000011f            
[    3444.251122] EV_ABS       ABS_MT_TOUCH_MINOR   0000000a            
[    3444.251128] EV_ABS       ABS_MT_SLOT          00000001            
[    3444.251130] EV_ABS       ABS_MT_TRACKING_ID   0000007f            
[    3444.251135] EV_ABS       003f                 0000000c            
[    3444.251174] EV_ABS       ABS_MT_POSITION_X    000001f2            
[    3444.251203] EV_ABS       ABS_MT_POSITION_Y    00000273            
[    3444.251207] EV_ABS       ABS_MT_TOUCH_MAJOR   0000001e            
[    3444.251210] EV_ABS       ABS_MT_TOUCH_MINOR   0000001a            
[    3444.251238] EV_SYN       SYN_REPORT           00000000            
[    3444.262509] EV_ABS       ABS_MT_SLOT          00000000            
[    3444.262525] EV_ABS       003f                 0000001e            
[    3444.262541] EV_ABS       ABS_MT_POSITION_X    000000a3            
[    3444.262544] EV_ABS       ABS_MT_POSITION_Y    0000011c            
[    3444.262548] EV_ABS       ABS_MT_TOUCH_MAJOR   00000014            
[    3444.262563] EV_ABS       ABS_MT_SLOT          00000001            
[    3444.262566] EV_ABS       003f                 0000001e            
[    3444.262574] EV_ABS       ABS_MT_POSITION_X    000001f1            
[    3444.262579] EV_ABS       ABS_MT_TOUCH_MAJOR   00000023            
[    3444.262586] EV_SYN       SYN_REPORT           00000000            
[    3444.273321] EV_ABS       ABS_MT_SLOT          00000000            
[    3444.273327] EV_ABS       003f                 00000028            
[    3444.273336] EV_ABS       ABS_MT_POSITION_X    000000a4            
[    3444.273339] EV_ABS       ABS_MT_POSITION_Y    0000011a            
[    3444.273351] EV_ABS       ABS_MT_SLOT          00000001            
[    3444.273353] EV_ABS       003f                 00000028            
[    3444.273360] EV_ABS       ABS_MT_POSITION_X    000001f0            
[    3444.273364] EV_ABS       ABS_MT_POSITION_Y    00000272            
[    3444.273367] EV_ABS       ABS_MT_TOUCH_MAJOR   00000024            
[    3444.273370] EV_ABS       ABS_MT_TOUCH_MINOR   0000001c            
[    3444.273374] EV_SYN       SYN_REPORT           00000000            
[    3444.284502] EV_ABS       ABS_MT_SLOT          00000000            
[    3444.284511] EV_ABS       003f                 00000030            
[    3444.284521] EV_ABS       ABS_MT_POSITION_X    000000a5            
[    3444.284525] EV_ABS       ABS_MT_POSITION_Y    00000119            
[    3444.284537] EV_ABS       ABS_MT_SLOT          00000001            
[    3444.284539] EV_ABS       003f                 00000030            
[    3444.284548] EV_ABS       ABS_MT_POSITION_Y    00000271            
[    3444.284552] EV_ABS       ABS_MT_TOUCH_MAJOR   00000021            
[    3444.284556] EV_ABS       ABS_MT_TOUCH_MINOR   0000001e            
[    3444.284561] EV_SYN       SYN_REPORT           00000000            
[    3444.295806] EV_ABS       ABS_MT_SLOT          00000000            
[    3444.295813] EV_ABS       003f                 00000032            
[    3444.295826] EV_ABS       ABS_MT_TOUCH_MAJOR   00000016            
[    3444.295830] EV_ABS       ABS_MT_TOUCH_MINOR   00000009            
[    3444.295840] EV_ABS       ABS_MT_SLOT          00000001            
[    3444.295842] EV_ABS       003f                 00000032            
[    3444.295855] EV_ABS       ABS_MT_TOUCH_MINOR   0000001f            
[    3444.295860] EV_SYN       SYN_REPORT           00000000            
[    3444.307125] EV_ABS       ABS_MT_SLOT          00000000            
[    3444.307129] EV_ABS       003f                 00000038            
[    3444.307140] EV_ABS       ABS_MT_TOUCH_MAJOR   00000018            
[    3444.307150] EV_ABS       ABS_MT_SLOT          00000001            
[    3444.307152] EV_ABS       003f                 00000038            
[    3444.307162] EV_ABS       ABS_MT_TOUCH_MAJOR   00000022            
[    3444.307165] EV_ABS       ABS_MT_TOUCH_MINOR   0000001e            
[    3444.307169] EV_SYN       SYN_REPORT           00000000            
[    3444.318389] EV_ABS       ABS_MT_SLOT          00000000            
[    3444.318396] EV_ABS       003f                 00000040            
[    3444.318407] EV_ABS       ABS_MT_POSITION_Y    0000011c            
[    3444.318412] EV_ABS       ABS_MT_TOUCH_MAJOR   00000015            
[    3444.318416] EV_ABS       ABS_MT_TOUCH_MINOR   0000000a            
[    3444.318427] EV_ABS       ABS_MT_SLOT          00000001            
[    3444.318430] EV_ABS       003f                 00000040            
[    3444.318441] EV_ABS       ABS_MT_TOUCH_MAJOR   00000024            
[    3444.318445] EV_ABS       ABS_MT_TOUCH_MINOR   0000001d            
[    3444.318451] EV_ABS       ABS_MT_SLOT          00000002            
[    3444.318453] EV_ABS       ABS_MT_TRACKING_ID   00000080            
[    3444.318459] EV_ABS       003f                 00000040            
[    3444.318463] EV_ABS       003c                 00000000            
[    3444.318466] EV_ABS       003d                 00000000            
[    3444.318471] EV_ABS       ABS_MT_POSITION_X    00000291            
[    3444.318475] EV_ABS       ABS_MT_POSITION_Y    0000030e            
[    3444.318478] EV_ABS       ABS_MT_TOUCH_MAJOR   00000018            
[    3444.318481] EV_ABS       ABS_MT_TOUCH_MINOR   0000000f            
[    3444.318526] EV_SYN       SYN_REPORT           00000000            
[    3444.330214] EV_ABS       ABS_MT_SLOT          00000000            
[    3444.330219] EV_ABS       003f                 00000060            
[    3444.330227] EV_ABS       ABS_MT_POSITION_X    000000a4            
[    3444.330230] EV_ABS       ABS_MT_POSITION_Y    00000121            
[    3444.330263] EV_ABS       ABS_MT_TOUCH_MAJOR   00000014            
[    3444.330267] EV_ABS       ABS_MT_TOUCH_MINOR   0000000b            
[    3444.330276] EV_ABS       ABS_MT_SLOT          00000001            
[    3444.330278] EV_ABS       003f                 00000060            
[    3444.330288] EV_ABS       ABS_MT_TOUCH_MAJOR   00000000            
[    3444.330290] EV_ABS       ABS_MT_TOUCH_MINOR   00000000            
[    3444.330298] EV_ABS       ABS_MT_SLOT          00000002            
[    3444.330300] EV_ABS       003f                 00000060            
[    3444.330309] EV_ABS       ABS_MT_POSITION_Y    0000030d            
[    3444.330312] EV_ABS       ABS_MT_TOUCH_MAJOR   0000001b            
[    3444.330316] EV_ABS       ABS_MT_TOUCH_MINOR   00000014            
[    3444.330321] EV_ABS       ABS_MT_SLOT          00000003            
[    3444.330323] EV_ABS       ABS_MT_TRACKING_ID   00000081            
[    3444.330327] EV_ABS       003f                 00000060            
[    3444.330334] EV_ABS       ABS_MT_POSITION_X    0000023c            
[    3444.330338] EV_ABS       ABS_MT_POSITION_Y    000003a7            
[    3444.330341] EV_ABS       ABS_MT_TOUCH_MAJOR   0000001a            
[    3444.330344] EV_ABS       ABS_MT_TOUCH_MINOR   0000000e            
[    3444.330374] EV_SYN       SYN_REPORT           00000000            
[    3444.341861] EV_ABS       ABS_MT_SLOT          00000000            
[    3444.341866] EV_ABS       003f                 0000006c            
[    3444.341875] EV_ABS       ABS_MT_POSITION_X    000000a2            
[    3444.341878] EV_ABS       ABS_MT_POSITION_Y    00000129            
[    3444.341882] EV_ABS       ABS_MT_TOUCH_MAJOR   00000017            
[    3444.341885] EV_ABS       ABS_MT_TOUCH_MINOR   0000000e            
[    3444.341893] EV_ABS       ABS_MT_SLOT          00000001            
[    3444.341895] EV_ABS       003f                 0000006c            
[    3444.341912] EV_ABS       ABS_MT_SLOT          00000002            
[    3444.341914] EV_ABS       003f                 0000006c            
[    3444.341922] EV_ABS       ABS_MT_POSITION_Y    0000030c            
[    3444.341925] EV_ABS       ABS_MT_TOUCH_MAJOR   0000001a            
[    3444.341929] EV_ABS       ABS_MT_TOUCH_MINOR   00000017            
[    3444.341937] EV_ABS       ABS_MT_SLOT          00000003            
[    3444.341939] EV_ABS       003f                 0000006c            
[    3444.341947] EV_ABS       ABS_MT_POSITION_Y    000003a5            
[    3444.341951] EV_ABS       ABS_MT_TOUCH_MAJOR   00000025            
[    3444.341954] EV_ABS       ABS_MT_TOUCH_MINOR   00000015            
[    3444.341958] EV_SYN       SYN_REPORT           00000000            
[    3444.352825] EV_ABS       ABS_MT_SLOT          00000000            
[    3444.352830] EV_ABS       003f                 0000007a            
[    3444.352879] EV_ABS       ABS_MT_POSITION_X    000000a0            
[    3444.352883] EV_ABS       ABS_MT_POSITION_Y    00000132            
[    3444.352886] EV_ABS       ABS_MT_TOUCH_MAJOR   00000018            
[    3444.352890] EV_ABS       ABS_MT_TOUCH_MINOR   00000010            
[    3444.352899] EV_ABS       ABS_MT_SLOT          00000001            
[    3444.352900] EV_ABS       003f                 0000007a            
[    3444.352907] EV_ABS       ABS_MT_POSITION_X    00000225            
[    3444.352911] EV_ABS       ABS_MT_POSITION_Y    000002a8            
[    3444.352918] EV_ABS       ABS_MT_SLOT          00000002            
[    3444.352920] EV_ABS       ABS_MT_TRACKING_ID   ffffffff            
[    3444.352951] EV_ABS       ABS_MT_SLOT          00000003            
[    3444.352953] EV_ABS       003f                 0000007a            
[    3444.352960] EV_ABS       ABS_MT_POSITION_X    0000023f            
[    3444.352964] EV_ABS       ABS_MT_POSITION_Y    000003a3            
[    3444.352967] EV_ABS       ABS_MT_TOUCH_MAJOR   00000026            
[    3444.352970] EV_ABS       ABS_MT_TOUCH_MINOR   0000001b            
[    3444.352974] EV_SYN       SYN_REPORT           00000000            
[    3444.364103] EV_ABS       ABS_MT_SLOT          00000000            
[    3444.364108] EV_ABS       003f                 0000008a            
[    3444.364116] EV_ABS       ABS_MT_POSITION_X    0000009f            
[    3444.364120] EV_ABS       ABS_MT_POSITION_Y    0000013a            
[    3444.364123] EV_ABS       ABS_MT_TOUCH_MAJOR   00000015            
[    3444.364133] EV_ABS       ABS_MT_SLOT          00000001            
[    3444.364135] EV_ABS       003f                 0000008a            
[    3444.364142] EV_ABS       ABS_MT_POSITION_X    00000228            
[    3444.364145] EV_ABS       ABS_MT_POSITION_Y    000002ab            
[    3444.364158] EV_ABS       ABS_MT_SLOT          00000003            
[    3444.364161] EV_ABS       003f                 0000008a            
[    3444.364168] EV_ABS       ABS_MT_POSITION_X    00000245            
[    3444.364171] EV_ABS       ABS_MT_POSITION_Y    000003a2            
[    3444.364175] EV_ABS       ABS_MT_TOUCH_MAJOR   00000000            
[    3444.364177] EV_ABS       ABS_MT_TOUCH_MINOR   00000000            
[    3444.364180] EV_SYN       SYN_REPORT           00000000            
[    3444.375339] EV_ABS       ABS_MT_SLOT          00000000            
[    3444.375344] EV_ABS       003f                 00000094            
[    3444.375354] EV_ABS       ABS_MT_POSITION_Y    00000140            
[    3444.375357] EV_ABS       ABS_MT_TOUCH_MAJOR   00000014            
[    3444.375360] EV_ABS       ABS_MT_TOUCH_MINOR   0000000e            
[    3444.375369] EV_ABS       ABS_MT_SLOT          00000001            
[    3444.375370] EV_ABS       003f                 00000094            
[    3444.375377] EV_ABS       ABS_MT_POSITION_X    0000022b            
[    3444.375381] EV_ABS       ABS_MT_POSITION_Y    000002ad            
[    3444.375393] EV_ABS       ABS_MT_SLOT          00000003            
[    3444.375395] EV_ABS       003f                 00000094            
[    3444.375403] EV_ABS       ABS_MT_POSITION_X    00000249            
[    3444.375408] EV_SYN       SYN_REPORT           00000000            
[    3444.386645] EV_ABS       ABS_MT_SLOT          00000000            
[    3444.386651] EV_ABS       003f                 0000009a            
[    3444.386660] EV_ABS       ABS_MT_POSITION_Y    00000145            
[    3444.386664] EV_ABS       ABS_MT_TOUCH_MAJOR   00000015            
[    3444.386667] EV_ABS       ABS_MT_TOUCH_MINOR   0000000b            
[    3444.386676] EV_ABS       ABS_MT_SLOT          00000001            
[    3444.386678] EV_ABS       003f                 0000009a            
[    3444.386685] EV_ABS       ABS_MT_POSITION_X    00000229            
[    3444.386688] EV_ABS       ABS_MT_POSITION_Y    000002a8            
[    3444.386701] EV_ABS       ABS_MT_SLOT          00000003            
[    3444.386703] EV_ABS       003f                 0000009a            
[    3444.386710] EV_ABS       ABS_MT_POSITION_X    00000252            
[    3444.386713] EV_ABS       ABS_MT_POSITION_Y    0000039b            
[    3444.386718] EV_SYN       SYN_REPORT           00000000            
[    3444.397691] EV_ABS       ABS_MT_SLOT          00000000            
[    3444.397696] EV_ABS       003f                 00000098            
[    3444.397704] EV_ABS       ABS_MT_POSITION_X    000000a0            
[    3444.397708] EV_ABS       ABS_MT_POSITION_Y    00000149            
[    3444.397711] EV_ABS       ABS_MT_TOUCH_MAJOR   00000016            
[    3444.397715] EV_ABS       ABS_MT_TOUCH_MINOR   0000000a            
[    3444.397723] EV_ABS       ABS_MT_SLOT          00000001            
[    3444.397725] EV_ABS       003f                 00000098            
[    3444.397732] EV_ABS       ABS_MT_POSITION_X    00000228            
[    3444.397735] EV_ABS       ABS_MT_POSITION_Y    000002a5            
[    3444.397748] EV_ABS       ABS_MT_SLOT          00000003            
[    3444.397750] EV_ABS       003f                 00000098            
[    3444.397757] EV_ABS       ABS_MT_POSITION_X    00000256            
[    3444.397763] EV_SYN       SYN_REPORT           00000000            
[    3444.409160] EV_ABS       ABS_MT_SLOT          00000000            
[    3444.409165] EV_ABS       003f                 000000a8            
[    3444.409173] EV_ABS       ABS_MT_POSITION_X    000000a1            
[    3444.409176] EV_ABS       ABS_MT_POSITION_Y    0000014b            
[    3444.409182] EV_ABS       ABS_MT_TOUCH_MINOR   00000009            
[    3444.409190] EV_ABS       ABS_MT_SLOT          00000001            
[    3444.409192] EV_ABS       003f                 000000a8            
[    3444.409199] EV_ABS       ABS_MT_POSITION_X    00000227            
[    3444.409203] EV_ABS       ABS_MT_POSITION_Y    000002a3            
[    3444.409217] EV_ABS       ABS_MT_SLOT          00000003            
[    3444.409219] EV_ABS       003f                 000000a8            
[    3444.409228] EV_ABS       ABS_MT_POSITION_X    00000258            
[    3444.409231] EV_ABS       ABS_MT_POSITION_Y    0000039d            
[    3444.409235] EV_SYN       SYN_REPORT           00000000            
[    3444.420309] EV_ABS       ABS_MT_SLOT          00000000            
[    3444.420313] EV_ABS       ABS_MT_POSITION_X    000000a2            
[    3444.420317] EV_ABS       ABS_MT_POSITION_Y    0000014c            
[    3444.420334] EV_ABS       ABS_MT_SLOT          00000001            
[    3444.420336] EV_ABS       ABS_MT_POSITION_X    00000226            
[    3444.420339] EV_ABS       ABS_MT_POSITION_Y    000002a2            
[    3444.420357] EV_ABS       ABS_MT_SLOT          00000003            
[    3444.420359] EV_ABS       ABS_MT_POSITION_X    0000025a            
[    3444.420363] EV_ABS       ABS_MT_POSITION_Y    000003a0            
[    3444.420367] EV_SYN       SYN_REPORT           00000000            
[    3444.431418] EV_ABS       ABS_MT_SLOT          00000000            
[    3444.431423] EV_ABS       003f                 000000b8            
[    3444.431431] EV_ABS       ABS_MT_POSITION_X    000000a5            
[    3444.431437] EV_ABS       ABS_MT_TOUCH_MINOR   0000000d            
[    3444.431446] EV_ABS       ABS_MT_SLOT          00000001            
[    3444.431448] EV_ABS       003f                 000000b8            
[    3444.431455] EV_ABS       ABS_MT_POSITION_X    00000225            
[    3444.431458] EV_ABS       ABS_MT_POSITION_Y    000002a1            
[    3444.431471] EV_ABS       ABS_MT_SLOT          00000003            
[    3444.431473] EV_ABS       003f                 000000b8            
[    3444.431480] EV_ABS       ABS_MT_POSITION_X    0000025c            
[    3444.431484] EV_ABS       ABS_MT_POSITION_Y    000003a4            
[    3444.431488] EV_SYN       SYN_REPORT           00000000            
[    3444.442651] EV_ABS       ABS_MT_SLOT          00000000            
[    3444.442655] EV_ABS       003f                 000000c2            
[    3444.442664] EV_ABS       ABS_MT_POSITION_X    000000ae            
[    3444.442667] EV_ABS       ABS_MT_POSITION_Y    0000014a            
[    3444.442671] EV_ABS       ABS_MT_TOUCH_MAJOR   00000018            
[    3444.442674] EV_ABS       ABS_MT_TOUCH_MINOR   0000000b            
[    3444.442683] EV_ABS       ABS_MT_SLOT          00000001            
[    3444.442685] EV_ABS       003f                 000000c2            
[    3444.442692] EV_ABS       ABS_MT_POSITION_X    00000201            
[    3444.442695] EV_ABS       ABS_MT_POSITION_Y    00000289            
[    3444.442708] EV_ABS       ABS_MT_SLOT          00000003            
[    3444.442710] EV_ABS       003f                 000000c2            
[    3444.442717] EV_ABS       ABS_MT_POSITION_X    0000025e            
[    3444.442720] EV_ABS       ABS_MT_POSITION_Y    000003a0            
[    3444.442725] EV_SYN       SYN_REPORT           00000000            
[    3444.453680] EV_ABS       ABS_MT_SLOT          00000000            
[    3444.453684] EV_ABS       003f                 000000ce            
[    3444.453688] EV_ABS       003c                 00000011            
[    3444.453691] EV_ABS       003d                 00000001            
[    3444.453696] EV_ABS       ABS_MT_POSITION_X    000000b5            
[    3444.453700] EV_ABS       ABS_MT_POSITION_Y    00000147            
[    3444.453706] EV_ABS       ABS_MT_TOUCH_MINOR   0000000a            
[    3444.453714] EV_ABS       ABS_MT_SLOT          00000001            
[    3444.453716] EV_ABS       003f                 000000ce            
[    3444.453720] EV_ABS       003c                 00000011            
[    3444.453723] EV_ABS       003d                 00000001            
[    3444.453727] EV_ABS       ABS_MT_POSITION_X    0000020f            
[    3444.453730] EV_ABS       ABS_MT_POSITION_Y    00000290            
[    3444.453733] EV_ABS       ABS_MT_TOUCH_MAJOR   000000fc            
[    3444.453737] EV_ABS       ABS_MT_TOUCH_MINOR   00000075            
[    3444.453748] EV_ABS       ABS_MT_SLOT          00000003            
[    3444.453750] EV_ABS       003f                 000000ce            
[    3444.453753] EV_ABS       003c                 00000011            
[    3444.453757] EV_ABS       003d                 00000001            
[    3444.453763] EV_ABS       ABS_MT_POSITION_Y    000003a8            
[    3444.453766] EV_ABS       ABS_MT_TOUCH_MAJOR   000000fc            
[    3444.453770] EV_ABS       ABS_MT_TOUCH_MINOR   00000075            
[    3444.453774] EV_SYN       SYN_REPORT           00000000            
[    3444.464870] EV_ABS       ABS_MT_SLOT          00000000            
[    3444.464874] EV_ABS       003f                 000000c8            
[    3444.464878] EV_ABS       003c                 00000000            
[    3444.464880] EV_ABS       003d                 00000000            
[    3444.464886] EV_ABS       ABS_MT_POSITION_X    000000ba            
[    3444.464889] EV_ABS       ABS_MT_POSITION_Y    00000144            
[    3444.464893] EV_ABS       ABS_MT_TOUCH_MAJOR   00000017            
[    3444.464896] EV_ABS       ABS_MT_TOUCH_MINOR   00000009            
[    3444.464905] EV_ABS       ABS_MT_SLOT          00000001            
[    3444.464906] EV_ABS       003f                 000000c8            
[    3444.464910] EV_ABS       003c                 00000000            
[    3444.464912] EV_ABS       003d                 00000000            
[    3444.464917] EV_ABS       ABS_MT_POSITION_X    00000202            
[    3444.464920] EV_ABS       ABS_MT_POSITION_Y    00000288            
[    3444.464924] EV_ABS       ABS_MT_TOUCH_MAJOR   00000000            
[    3444.464926] EV_ABS       ABS_MT_TOUCH_MINOR   00000000            
[    3444.464937] EV_ABS       ABS_MT_SLOT          00000003            
[    3444.464939] EV_ABS       003f                 000000c8            
[    3444.464942] EV_ABS       003c                 00000000            
[    3444.464944] EV_ABS       003d                 00000000            
[    3444.464949] EV_ABS       ABS_MT_POSITION_X    00000260            
[    3444.464952] EV_ABS       ABS_MT_POSITION_Y    000003a3            
[    3444.464956] EV_ABS       ABS_MT_TOUCH_MAJOR   00000000            
[    3444.464958] EV_ABS       ABS_MT_TOUCH_MINOR   00000000            
[    3444.464960] EV_SYN       SYN_REPORT           00000000            
[    3444.475888] EV_ABS       ABS_MT_SLOT          00000000            
[    3444.475893] EV_ABS       003f                 000000ca            
[    3444.475896] EV_ABS       003c                 0000000f            
[    3444.475900] EV_ABS       003d                 00000001            
[    3444.475905] EV_ABS       ABS_MT_POSITION_X    000000bc            
[    3444.475908] EV_ABS       ABS_MT_POSITION_Y    00000142            
[    3444.475911] EV_ABS       ABS_MT_TOUCH_MAJOR   00000016            
[    3444.475921] EV_ABS       ABS_MT_SLOT          00000001            
[    3444.475923] EV_ABS       003f                 000000ca            
[    3444.475927] EV_ABS       003c                 0000000f            
[    3444.475930] EV_ABS       003d                 00000001            
[    3444.475934] EV_ABS       ABS_MT_POSITION_X    00000210            
[    3444.475937] EV_ABS       ABS_MT_POSITION_Y    0000028f            
[    3444.475941] EV_ABS       ABS_MT_TOUCH_MAJOR   000000fc            
[    3444.475975] EV_ABS       ABS_MT_TOUCH_MINOR   00000075            
[    3444.475987] EV_ABS       ABS_MT_SLOT          00000003            
[    3444.475989] EV_ABS       003f                 000000ca            
[    3444.475993] EV_ABS       003c                 0000000f            
[    3444.475996] EV_ABS       003d                 00000001            
[    3444.476000] EV_ABS       ABS_MT_POSITION_X    0000025f            
[    3444.476003] EV_ABS       ABS_MT_POSITION_Y    000003a9            
[    3444.476006] EV_ABS       ABS_MT_TOUCH_MAJOR   000000fc            
[    3444.476010] EV_ABS       ABS_MT_TOUCH_MINOR   00000075            
[    3444.476013] EV_SYN       SYN_REPORT           00000000            
[    3444.486969] EV_ABS       ABS_MT_SLOT          00000000            
[    3444.486974] EV_ABS       003f                 000000c8            
[    3444.486978] EV_ABS       003c                 00000000            
[    3444.486980] EV_ABS       003d                 00000000            
[    3444.486986] EV_ABS       ABS_MT_POSITION_X    000000bf            
[    3444.486989] EV_ABS       ABS_MT_POSITION_Y    00000140            
[    3444.487001] EV_ABS       ABS_MT_SLOT          00000001            
[    3444.487002] EV_ABS       003f                 000000c8            
[    3444.487006] EV_ABS       003c                 00000000            
[    3444.487008] EV_ABS       003d                 00000000            
[    3444.487013] EV_ABS       ABS_MT_POSITION_X    00000200            
[    3444.487016] EV_ABS       ABS_MT_POSITION_Y    00000286            
[    3444.487020] EV_ABS       ABS_MT_TOUCH_MAJOR   00000000            
[    3444.487022] EV_ABS       ABS_MT_TOUCH_MINOR   00000000            
[    3444.487033] EV_ABS       ABS_MT_SLOT          00000003            
[    3444.487035] EV_ABS       003f                 000000c8            
[    3444.487038] EV_ABS       003c                 00000000            
[    3444.487040] EV_ABS       003d                 00000000            
[    3444.487046] EV_ABS       ABS_MT_POSITION_X    00000261            
[    3444.487049] EV_ABS       ABS_MT_POSITION_Y    000003a3            
[    3444.487052] EV_ABS       ABS_MT_TOUCH_MAJOR   00000000            
[    3444.487054] EV_ABS       ABS_MT_TOUCH_MINOR   00000000            
[    3444.487057] EV_SYN       SYN_REPORT           00000000            
[    3444.498001] EV_ABS       ABS_MT_SLOT          00000000            
[    3444.498006] EV_ABS       003f                 000000ca            
[    3444.498010] EV_ABS       003c                 0000000e            
[    3444.498013] EV_ABS       003d                 00000001            
[    3444.498018] EV_ABS       ABS_MT_POSITION_X    000000c0            
[    3444.498021] EV_ABS       ABS_MT_POSITION_Y    0000013f            
[    3444.498032] EV_ABS       ABS_MT_SLOT          00000001            
[    3444.498034] EV_ABS       003f                 000000ca            
[    3444.498037] EV_ABS       003c                 0000000e            
[    3444.498041] EV_ABS       003d                 00000001            
[    3444.498045] EV_ABS       ABS_MT_POSITION_X    00000210            
[    3444.498048] EV_ABS       ABS_MT_POSITION_Y    0000028f            
[    3444.498051] EV_ABS       ABS_MT_TOUCH_MAJOR   000000fc            
[    3444.498055] EV_ABS       ABS_MT_TOUCH_MINOR   00000075            
[    3444.498066] EV_ABS       ABS_MT_SLOT          00000003            
[    3444.498068] EV_ABS       003f                 000000ca            
[    3444.498071] EV_ABS       003c                 0000000e            
[    3444.498074] EV_ABS       003d                 00000001            
[    3444.498078] EV_ABS       ABS_MT_POSITION_X    00000260            
[    3444.498081] EV_ABS       ABS_MT_POSITION_Y    000003a9            
[    3444.498085] EV_ABS       ABS_MT_TOUCH_MAJOR   000000fc            
[    3444.498088] EV_ABS       ABS_MT_TOUCH_MINOR   00000075            
[    3444.498092] EV_SYN       SYN_REPORT           00000000            
[    3444.509083] EV_ABS       ABS_MT_SLOT          00000000            
[    3444.509089] EV_ABS       003f                 000000c8            
[    3444.509092] EV_ABS       003c                 00000000            
[    3444.509095] EV_ABS       003d                 00000000            
[    3444.509100] EV_ABS       ABS_MT_POSITION_X    000000c1            
[    3444.509104] EV_ABS       ABS_MT_POSITION_Y    0000013e            
[    3444.509107] EV_ABS       ABS_MT_TOUCH_MAJOR   00000017            
[    3444.509117] EV_ABS       ABS_MT_SLOT          00000001            
[    3444.509119] EV_ABS       003f                 000000c8            
[    3444.509122] EV_ABS       003c                 00000000            
[    3444.509125] EV_ABS       003d                 00000000            
[    3444.509130] EV_ABS       ABS_MT_POSITION_X    00000217            
[    3444.509133] EV_ABS       ABS_MT_POSITION_Y    00000292            
[    3444.509136] EV_ABS       ABS_MT_TOUCH_MAJOR   00000000            
[    3444.509138] EV_ABS       ABS_MT_TOUCH_MINOR   00000000            
[    3444.509149] EV_ABS       ABS_MT_SLOT          00000003            
[    3444.509151] EV_ABS       003f                 000000c8            
[    3444.509155] EV_ABS       003c                 00000000            
[    3444.509157] EV_ABS       003d                 00000000            
[    3444.509163] EV_ABS       ABS_MT_POSITION_Y    000003ac            
[    3444.509167] EV_ABS       ABS_MT_TOUCH_MAJOR   00000000            
[    3444.509169] EV_ABS       ABS_MT_TOUCH_MINOR   00000000            
[    3444.509171] EV_SYN       SYN_REPORT           00000000            
[    3444.520183] EV_ABS       ABS_MT_SLOT          00000000            
[    3444.520188] EV_ABS       003f                 000000c6            
[    3444.520196] EV_ABS       ABS_MT_POSITION_X    000000c2            
[    3444.520201] EV_ABS       ABS_MT_TOUCH_MAJOR   00000019            
[    3444.520211] EV_ABS       ABS_MT_SLOT          00000001            
[    3444.520213] EV_ABS       003f                 000000c6            
[    3444.520220] EV_ABS       ABS_MT_POSITION_X    00000201            
[    3444.520223] EV_ABS       ABS_MT_POSITION_Y    00000286            
[    3444.520236] EV_ABS       ABS_MT_SLOT          00000003            
[    3444.520239] EV_ABS       003f                 000000c6            
[    3444.520246] EV_ABS       ABS_MT_POSITION_X    00000264            
[    3444.520250] EV_ABS       ABS_MT_POSITION_Y    000003a1            
[    3444.520254] EV_SYN       SYN_REPORT           00000000            
[    3444.531435] EV_ABS       ABS_MT_SLOT          00000000            
[    3444.531440] EV_ABS       003f                 000000cc            
[    3444.531449] EV_ABS       ABS_MT_POSITION_Y    0000013f            
[    3444.531453] EV_ABS       ABS_MT_TOUCH_MAJOR   00000017            
[    3444.531463] EV_ABS       ABS_MT_SLOT          00000001            
[    3444.531465] EV_ABS       003f                 000000cc            
[    3444.531472] EV_ABS       ABS_MT_POSITION_X    00000217            
[    3444.531475] EV_ABS       ABS_MT_POSITION_Y    00000291            
[    3444.531488] EV_ABS       ABS_MT_SLOT          00000003            
[    3444.531490] EV_ABS       003f                 000000cc            
[    3444.531497] EV_ABS       ABS_MT_POSITION_X    00000263            
[    3444.531500] EV_ABS       ABS_MT_POSITION_Y    000003a7            
[    3444.531505] EV_SYN       SYN_REPORT           00000000            
[    3444.542436] EV_ABS       ABS_MT_SLOT          00000000            
[    3444.542440] EV_ABS       003f                 000000c6            
[    3444.542448] EV_ABS       ABS_MT_POSITION_X    000000c3            
[    3444.542452] EV_ABS       ABS_MT_POSITION_Y    00000142            
[    3444.542455] EV_ABS       ABS_MT_TOUCH_MAJOR   00000015            
[    3444.542459] EV_ABS       ABS_MT_TOUCH_MINOR   0000000a            
[    3444.542467] EV_ABS       ABS_MT_SLOT          00000001            
[    3444.542469] EV_ABS       003f                 000000c6            
[    3444.542476] EV_ABS       ABS_MT_POSITION_X    0000021f            
[    3444.542480] EV_ABS       ABS_MT_POSITION_Y    00000294            
[    3444.542493] EV_ABS       ABS_MT_SLOT          00000003            
[    3444.542495] EV_ABS       003f                 000000c6            
[    3444.542504] EV_ABS       ABS_MT_POSITION_Y    000003a9            
[    3444.542508] EV_SYN       SYN_REPORT           00000000            
[    3444.553553] EV_ABS       ABS_MT_SLOT          00000000            
[    3444.553559] EV_ABS       003f                 000000c8            
[    3444.553569] EV_ABS       ABS_MT_POSITION_Y    00000147            
[    3444.553572] EV_ABS       ABS_MT_TOUCH_MAJOR   00000016            
[    3444.553583] EV_ABS       ABS_MT_SLOT          00000001            
[    3444.553585] EV_ABS       003f                 000000c8            
[    3444.553592] EV_ABS       ABS_MT_POSITION_X    00000224            
[    3444.553596] EV_ABS       ABS_MT_POSITION_Y    00000296            
[    3444.553610] EV_ABS       ABS_MT_SLOT          00000003            
[    3444.553612] EV_ABS       003f                 000000c8            
[    3444.553624] EV_SYN       SYN_REPORT           00000000            
[    3444.564390] EV_ABS       ABS_MT_SLOT          00000000            
[    3444.564394] EV_ABS       003f                 000000ca            
[    3444.564404] EV_ABS       ABS_MT_POSITION_Y    0000014d            
[    3444.564407] EV_ABS       ABS_MT_TOUCH_MAJOR   00000018            
[    3444.564410] EV_ABS       ABS_MT_TOUCH_MINOR   0000000b            
[    3444.564419] EV_ABS       ABS_MT_SLOT          00000001            
[    3444.564421] EV_ABS       003f                 000000ca            
[    3444.564428] EV_ABS       ABS_MT_POSITION_X    00000227            
[    3444.564432] EV_ABS       ABS_MT_POSITION_Y    00000297            
[    3444.564445] EV_ABS       ABS_MT_SLOT          00000003            
[    3444.564448] EV_ABS       003f                 000000ca            
[    3444.564459] EV_SYN       SYN_REPORT           00000000            
[    3444.575502] EV_ABS       ABS_MT_SLOT          00000000            
[    3444.575506] EV_ABS       003f                 000000c8            
[    3444.575514] EV_ABS       ABS_MT_POSITION_X    000000c2            
[    3444.575518] EV_ABS       ABS_MT_POSITION_Y    00000152            
[    3444.575521] EV_ABS       ABS_MT_TOUCH_MAJOR   00000019            
[    3444.575525] EV_ABS       ABS_MT_TOUCH_MINOR   0000000a            
[    3444.575533] EV_ABS       ABS_MT_SLOT          00000001            
[    3444.575535] EV_ABS       003f                 000000c8            
[    3444.575542] EV_ABS       ABS_MT_POSITION_X    0000022a            
[    3444.575546] EV_ABS       ABS_MT_POSITION_Y    00000298            
[    3444.575560] EV_ABS       ABS_MT_SLOT          00000003            
[    3444.575562] EV_ABS       003f                 000000c8            
[    3444.575573] EV_SYN       SYN_REPORT           00000000            
[    3444.586581] EV_ABS       ABS_MT_SLOT          00000000            
[    3444.586585] EV_ABS       ABS_MT_POSITION_Y    00000155            
[    3444.586588] EV_ABS       ABS_MT_TOUCH_MAJOR   00000018            
[    3444.586592] EV_ABS       ABS_MT_TOUCH_MINOR   0000000b            
[    3444.586605] EV_ABS       ABS_MT_SLOT          00000001            
[    3444.586607] EV_ABS       ABS_MT_POSITION_X    0000023a            
[    3444.586611] EV_ABS       ABS_MT_POSITION_Y    000002a9            
[    3444.586629] EV_ABS       ABS_MT_SLOT          00000003            
[    3444.586630] EV_ABS       ABS_MT_POSITION_X    0000025f            
[    3444.586634] EV_ABS       ABS_MT_POSITION_Y    000003b7            
[    3444.586638] EV_SYN       SYN_REPORT           00000000            
[    3444.597672] EV_ABS       ABS_MT_SLOT          00000000            
[    3444.597676] EV_ABS       003f                 000000bc            
[    3444.597685] EV_ABS       ABS_MT_POSITION_Y    00000157            
[    3444.597688] EV_ABS       ABS_MT_TOUCH_MAJOR   00000019            
[    3444.597692] EV_ABS       ABS_MT_TOUCH_MINOR   0000000a            
[    3444.597700] EV_ABS       ABS_MT_SLOT          00000001            
[    3444.597702] EV_ABS       003f                 000000bc            
[    3444.597711] EV_ABS       ABS_MT_POSITION_Y    000002a8            
[    3444.597724] EV_ABS       ABS_MT_SLOT          00000003            
[    3444.597726] EV_ABS       003f                 000000bc            
[    3444.597733] EV_ABS       ABS_MT_POSITION_X    00000260            
[    3444.597736] EV_ABS       ABS_MT_POSITION_Y    000003b5            
[    3444.597740] EV_SYN       SYN_REPORT           00000000            
[    3444.608820] EV_ABS       ABS_MT_SLOT          00000000            
[    3444.608824] EV_ABS       003f                 000000c0            
[    3444.608833] EV_ABS       ABS_MT_POSITION_Y    00000158            
[    3444.608837] EV_ABS       ABS_MT_TOUCH_MAJOR   00000018            
[    3444.608846] EV_ABS       ABS_MT_SLOT          00000001            
[    3444.608848] EV_ABS       003f                 000000c0            
[    3444.608856] EV_ABS       ABS_MT_POSITION_X    0000023f            
[    3444.608859] EV_ABS       ABS_MT_POSITION_Y    000002ae            
[    3444.608872] EV_ABS       ABS_MT_SLOT          00000003            
[    3444.608874] EV_ABS       003f                 000000c0            
[    3444.608881] EV_ABS       ABS_MT_POSITION_X    0000025e            
[    3444.608884] EV_ABS       ABS_MT_POSITION_Y    000003bd            
[    3444.608889] EV_SYN       SYN_REPORT           00000000            
[    3444.619894] EV_ABS       ABS_MT_SLOT          00000000            
[    3444.619898] EV_ABS       003f                 000000c8            
[    3444.619909] EV_ABS       ABS_MT_TOUCH_MAJOR   00000017            
[    3444.619912] EV_ABS       ABS_MT_TOUCH_MINOR   00000009            
[    3444.619921] EV_ABS       ABS_MT_SLOT          00000001            
[    3444.619922] EV_ABS       003f                 000000c8            
[    3444.619930] EV_ABS       ABS_MT_POSITION_X    00000242            
[    3444.619933] EV_ABS       ABS_MT_POSITION_Y    000002b1            
[    3444.619946] EV_ABS       ABS_MT_SLOT          00000003            
[    3444.619948] EV_ABS       003f                 000000c8            
[    3444.619955] EV_ABS       ABS_MT_POSITION_X    0000025c            
[    3444.619958] EV_ABS       ABS_MT_POSITION_Y    000003c3            
[    3444.619963] EV_SYN       SYN_REPORT           00000000            
[    3444.630944] EV_ABS       ABS_MT_SLOT          00000000            
[    3444.630948] EV_ABS       003f                 000000c6            
[    3444.630955] EV_ABS       ABS_MT_POSITION_X    000000c3            
[    3444.630960] EV_ABS       ABS_MT_TOUCH_MAJOR   00000016            
[    3444.630970] EV_ABS       ABS_MT_SLOT          00000001            
[    3444.630972] EV_ABS       003f                 000000c6            
[    3444.630979] EV_ABS       ABS_MT_POSITION_X    00000245            
[    3444.630983] EV_ABS       ABS_MT_POSITION_Y    000002b3            
[    3444.630995] EV_ABS       ABS_MT_SLOT          00000003            
[    3444.630997] EV_ABS       003f                 000000c6            
[    3444.631004] EV_ABS       ABS_MT_POSITION_X    0000025b            
[    3444.631008] EV_ABS       ABS_MT_POSITION_Y    000003c7            
[    3444.631012] EV_SYN       SYN_REPORT           00000000            
[    3444.642142] EV_ABS       ABS_MT_SLOT          00000000            
[    3444.642147] EV_ABS       003f                 000000c2            
[    3444.642155] EV_ABS       ABS_MT_POSITION_X    000000c5            
[    3444.642159] EV_ABS       ABS_MT_POSITION_Y    00000157            
[    3444.642170] EV_ABS       ABS_MT_SLOT          00000001            
[    3444.642173] EV_ABS       003f                 000000c2            
[    3444.642180] EV_ABS       ABS_MT_POSITION_X    00000246            
[    3444.642184] EV_ABS       ABS_MT_POSITION_Y    000002b5            
[    3444.642197] EV_ABS       ABS_MT_SLOT          00000003            
[    3444.642199] EV_ABS       003f                 000000c2            
[    3444.642207] EV_ABS       ABS_MT_POSITION_X    0000025a            
[    3444.642210] EV_ABS       ABS_MT_POSITION_Y    000003ca            
[    3444.642215] EV_SYN       SYN_REPORT           00000000            
[    3444.653125] EV_ABS       ABS_MT_SLOT          00000000            
[    3444.653129] EV_ABS       003f                 000000ce            
[    3444.653137] EV_ABS       ABS_MT_POSITION_X    000000c6            
[    3444.653140] EV_ABS       ABS_MT_POSITION_Y    00000156            
[    3444.653144] EV_ABS       ABS_MT_TOUCH_MAJOR   00000017            
[    3444.653154] EV_ABS       ABS_MT_SLOT          00000001            
[    3444.653156] EV_ABS       003f                 000000ce            
[    3444.653163] EV_ABS       ABS_MT_POSITION_X    00000247            
[    3444.653166] EV_ABS       ABS_MT_POSITION_Y    000002b6            
[    3444.653179] EV_ABS       ABS_MT_SLOT          00000003            
[    3444.653181] EV_ABS       003f                 000000ce            
[    3444.653188] EV_ABS       ABS_MT_POSITION_X    00000259            
[    3444.653191] EV_ABS       ABS_MT_POSITION_Y    000003cc            
[    3444.653196] EV_SYN       SYN_REPORT           00000000            
[    3444.664333] EV_ABS       ABS_MT_SLOT          00000000            
[    3444.664336] EV_ABS       003f                 000000ca            
[    3444.664344] EV_ABS       ABS_MT_POSITION_X    000000c7            
[    3444.664348] EV_ABS       ABS_MT_POSITION_Y    00000155            
[    3444.664351] EV_ABS       ABS_MT_TOUCH_MAJOR   00000016            
[    3444.664360] EV_ABS       ABS_MT_SLOT          00000001            
[    3444.664362] EV_ABS       003f                 000000ca            
[    3444.664371] EV_ABS       ABS_MT_POSITION_Y    000002b5            
[    3444.664384] EV_ABS       ABS_MT_SLOT          00000003            
[    3444.664386] EV_ABS       003f                 000000ca            
[    3444.664393] EV_ABS       ABS_MT_POSITION_X    0000025b            
[    3444.664397] EV_ABS       ABS_MT_POSITION_Y    000003cb            
[    3444.664401] EV_SYN       SYN_REPORT           00000000            
[    3444.675292] EV_ABS       ABS_MT_SLOT          00000000            
[    3444.675296] EV_ABS       003f                 000000c8            
[    3444.675305] EV_ABS       ABS_MT_POSITION_Y    00000154            
[    3444.675316] EV_ABS       ABS_MT_SLOT          00000001            
[    3444.675318] EV_ABS       003f                 000000c8            
[    3444.675327] EV_ABS       ABS_MT_POSITION_Y    000002b4            
[    3444.675340] EV_ABS       ABS_MT_SLOT          00000003            
[    3444.675342] EV_ABS       003f                 000000c8            
[    3444.675349] EV_ABS       ABS_MT_POSITION_X    0000025c            
[    3444.675352] EV_ABS       ABS_MT_POSITION_Y    000003ca            
[    3444.675357] EV_SYN       SYN_REPORT           00000000            
[    3444.686351] EV_ABS       ABS_MT_SLOT          00000000            
[    3444.686355] EV_ABS       003f                 000000ca            
[    3444.686364] EV_ABS       ABS_MT_POSITION_Y    00000153            
[    3444.686368] EV_ABS       ABS_MT_TOUCH_MAJOR   00000015            
[    3444.686377] EV_ABS       ABS_MT_SLOT          00000001            
[    3444.686379] EV_ABS       003f                 000000ca            
[    3444.686386] EV_ABS       ABS_MT_POSITION_X    00000248            
[    3444.686390] EV_ABS       ABS_MT_POSITION_Y    000002b3            
[    3444.686403] EV_ABS       ABS_MT_SLOT          00000003            
[    3444.686405] EV_ABS       003f                 000000ca            
[    3444.686412] EV_ABS       ABS_MT_POSITION_X    0000025d            
[    3444.686415] EV_ABS       ABS_MT_POSITION_Y    000003c9            
[    3444.686420] EV_SYN       SYN_REPORT           00000000            
[    3444.697391] EV_ABS       ABS_MT_SLOT          00000000            
[    3444.697395] EV_ABS       003f                 000000c6            
[    3444.697404] EV_ABS       ABS_MT_POSITION_Y    00000152            
[    3444.697407] EV_ABS       ABS_MT_TOUCH_MAJOR   00000016            
[    3444.697417] EV_ABS       ABS_MT_SLOT          00000001            
[    3444.697419] EV_ABS       003f                 000000c6            
[    3444.697428] EV_ABS       ABS_MT_POSITION_Y    000002b2            
[    3444.697441] EV_ABS       ABS_MT_SLOT          00000003            
[    3444.697442] EV_ABS       003f                 000000c6            
[    3444.697450] EV_ABS       ABS_MT_POSITION_X    0000025f            
[    3444.697453] EV_ABS       ABS_MT_POSITION_Y    000003c7            
[    3444.697457] EV_SYN       SYN_REPORT           00000000            
[    3444.708248] EV_ABS       ABS_MT_SLOT          00000000            
[    3444.708252] EV_ABS       003f                 000000c4            
[    3444.708261] EV_ABS       ABS_MT_POSITION_Y    00000151            
[    3444.708265] EV_ABS       ABS_MT_TOUCH_MAJOR   00000017            
[    3444.708271] EV_ABS       ABS_MT_SLOT          00000001            
[    3444.708273] EV_ABS       ABS_MT_TRACKING_ID   ffffffff            
[    3444.708312] EV_ABS       ABS_MT_SLOT          00000003            
[    3444.708315] EV_ABS       003f                 000000c4            
[    3444.708322] EV_ABS       ABS_MT_POSITION_X    00000275            
[    3444.708325] EV_ABS       ABS_MT_POSITION_Y    00000342            
[    3444.708330] EV_SYN       SYN_REPORT           00000000            
[    3444.719350] EV_ABS       ABS_MT_SLOT          00000000            
[    3444.719354] EV_ABS       003f                 000000cc            
[    3444.719363] EV_ABS       ABS_MT_POSITION_Y    00000150            
[    3444.719367] EV_ABS       ABS_MT_TOUCH_MAJOR   0000001b            
[    3444.719370] EV_ABS       ABS_MT_TOUCH_MINOR   0000000a            
[    3444.719375] EV_ABS       ABS_MT_SLOT          00000001            
[    3444.719377] EV_ABS       ABS_MT_TRACKING_ID   00000082            
[    3444.719382] EV_ABS       003f                 000000cc            
[    3444.719389] EV_ABS       ABS_MT_POSITION_X    00000256            
[    3444.719393] EV_ABS       ABS_MT_POSITION_Y    000002af            
[    3444.719428] EV_ABS       ABS_MT_SLOT          00000003            
[    3444.719430] EV_ABS       003f                 000000cc            
[    3444.719437] EV_ABS       ABS_MT_POSITION_X    0000026d            
[    3444.719441] EV_ABS       ABS_MT_POSITION_Y    000003b8            
[    3444.719445] EV_SYN       SYN_REPORT           00000000            
[    3444.730138] EV_ABS       ABS_MT_SLOT          00000000            
[    3444.730142] EV_ABS       ABS_MT_TRACKING_ID   ffffffff            
[    3444.730176] EV_ABS       ABS_MT_SLOT          00000001            
[    3444.730178] EV_ABS       003f                 000000b8            
[    3444.730199] EV_ABS       ABS_MT_SLOT          00000003            
[    3444.730201] EV_ABS       003f                 000000b8            
[    3444.730210] EV_ABS       ABS_MT_POSITION_Y    000003b2            
[    3444.730214] EV_SYN       SYN_REPORT           00000000            
[    3444.740698] EV_ABS       ABS_MT_SLOT          00000001            
[    3444.740703] EV_ABS       003f                 000000a8            
[    3444.740724] EV_ABS       ABS_MT_SLOT          00000003            
[    3444.740726] EV_ABS       003f                 000000a8            
[    3444.740733] EV_ABS       ABS_MT_POSITION_X    0000026f            
[    3444.740737] EV_ABS       ABS_MT_POSITION_Y    000003a7            
[    3444.740741] EV_SYN       SYN_REPORT           00000000            
[    3444.751497] EV_ABS       ABS_MT_SLOT          00000001            
[    3444.751501] EV_ABS       003f                 000000a0            
[    3444.751508] EV_ABS       ABS_MT_POSITION_X    00000257            
[    3444.751512] EV_ABS       ABS_MT_POSITION_Y    000002b1            
[    3444.751525] EV_ABS       ABS_MT_SLOT          00000003            
[    3444.751527] EV_ABS       003f                 000000a0            
[    3444.751535] EV_ABS       ABS_MT_POSITION_Y    000003a4            
[    3444.751540] EV_SYN       SYN_REPORT           00000000            
[    3444.762275] EV_ABS       ABS_MT_SLOT          00000001            
[    3444.762279] EV_ABS       003f                 00000094            
[    3444.762287] EV_ABS       ABS_MT_POSITION_X    00000235            
[    3444.762291] EV_ABS       ABS_MT_POSITION_Y    00000292            
[    3444.762304] EV_ABS       ABS_MT_SLOT          00000003            
[    3444.762306] EV_ABS       003f                 00000094            
[    3444.762313] EV_ABS       ABS_MT_POSITION_X    00000295            
[    3444.762316] EV_ABS       ABS_MT_POSITION_Y    00000347            
[    3444.762321] EV_SYN       SYN_REPORT           00000000            
[    3444.773055] EV_ABS       ABS_MT_SLOT          00000001            
[    3444.773060] EV_ABS       003f                 00000082            
[    3444.773068] EV_ABS       ABS_MT_POSITION_X    00000231            
[    3444.773071] EV_ABS       ABS_MT_POSITION_Y    0000028d            
[    3444.773084] EV_ABS       ABS_MT_SLOT          00000003            
[    3444.773086] EV_ABS       003f                 00000082            
[    3444.773093] EV_ABS       ABS_MT_POSITION_X    00000296            
[    3444.773097] EV_ABS       ABS_MT_POSITION_Y    00000344            
[    3444.773101] EV_SYN       SYN_REPORT           00000000            
[    3444.783741] EV_ABS       ABS_MT_SLOT          00000001            
[    3444.783745] EV_ABS       003f                 00000076            
[    3444.783754] EV_ABS       ABS_MT_POSITION_X    0000022f            
[    3444.783757] EV_ABS       ABS_MT_POSITION_Y    0000028b            
[    3444.783771] EV_ABS       ABS_MT_SLOT          00000003            
[    3444.783772] EV_ABS       003f                 00000076            
[    3444.783780] EV_ABS       ABS_MT_POSITION_X    0000029b            
[    3444.783783] EV_ABS       ABS_MT_POSITION_Y    00000325            
[    3444.783787] EV_SYN       SYN_REPORT           00000000            
[    3444.794400] EV_ABS       ABS_MT_SLOT          00000001            
[    3444.794405] EV_ABS       003f                 00000060            
[    3444.794413] EV_ABS       ABS_MT_POSITION_X    0000022e            
[    3444.794416] EV_ABS       ABS_MT_POSITION_Y    0000028a            
[    3444.794430] EV_ABS       ABS_MT_SLOT          00000003            
[    3444.794432] EV_ABS       003f                 00000060            
[    3444.794440] EV_ABS       ABS_MT_POSITION_Y    00000320            
[    3444.794445] EV_SYN       SYN_REPORT           00000000            
[    3444.804813] EV_ABS       ABS_MT_SLOT          00000001            
[    3444.804817] EV_ABS       ABS_MT_TRACKING_ID   ffffffff            
[    3444.804857] EV_ABS       ABS_MT_SLOT          00000003            
[    3444.804860] EV_ABS       ABS_MT_TRACKING_ID   ffffffff            
[    3444.804882] EV_KEY       BTN_TOUCH            UP                  
[    3444.804886] EV_SYN       SYN_REPORT           00000000            
